<?xml version="1.0" encoding="UTF-8"?>
<!-- Generated by org.testng.reporters.JUnitReportReporter -->
<testsuite hostname="MoreVasanthKumar" failures="0" tests="1" name="testScripts.loginAPITest" time="4.028" errors="0" timestamp="2024-02-29T16:46:52 IST" skipped="0">
  <testcase classname="testScripts.loginAPITest" name="loginAPI" time="4.028"/>
  <system-out/>
</testsuite> <!-- testScripts.loginAPITest -->
